ERROR: No such file or directory on '/opt/modulefiles/compilers/cmake/3.9.1'
vgpu10-2
======================================================
||                 Cellular Automata                ||
======================================================
|| Mode: 1                  (1 -> array, 2 -> hash) 
|| Array Size: 12800
|| Generations: 1000
|| Survival Conditions: 23
|| Birth Conditions: 3
|| File Location: resources/universalturingmachine.life
======================================================
started saving intial state at Thu Oct 26 01:04:58 2023
finished saving intial state at Thu Oct 26 01:05:04 2023
======================================================
started computation at Thu Oct 26 01:05:04 2023
======================================================
| (10/1000):   elapsed time: 5.68564s
| (20/1000):   elapsed time: 11.3706s
| (30/1000):   elapsed time: 17.0576s
| (40/1000):   elapsed time: 22.7425s
| (50/1000):   elapsed time: 28.4244s
| (60/1000):   elapsed time: 34.1196s
| (70/1000):   elapsed time: 39.8031s
| (80/1000):   elapsed time: 45.4856s
| (90/1000):   elapsed time: 51.1796s
| (100/1000):   elapsed time: 56.876s
| (110/1000):   elapsed time: 62.5744s
| (120/1000):   elapsed time: 68.2707s
| (130/1000):   elapsed time: 73.9683s
| (140/1000):   elapsed time: 79.6649s
| (150/1000):   elapsed time: 85.3587s
| (160/1000):   elapsed time: 91.0556s
| (170/1000):   elapsed time: 96.7467s
| (180/1000):   elapsed time: 102.438s
| (190/1000):   elapsed time: 108.129s
| (200/1000):   elapsed time: 113.82s
| (210/1000):   elapsed time: 119.512s
| (220/1000):   elapsed time: 125.204s
| (230/1000):   elapsed time: 130.896s
| (240/1000):   elapsed time: 136.591s
| (250/1000):   elapsed time: 142.283s
| (260/1000):   elapsed time: 147.976s
| (270/1000):   elapsed time: 153.669s
| (280/1000):   elapsed time: 159.363s
| (290/1000):   elapsed time: 165.055s
| (300/1000):   elapsed time: 170.747s
| (310/1000):   elapsed time: 176.438s
| (320/1000):   elapsed time: 182.133s
| (330/1000):   elapsed time: 187.827s
| (340/1000):   elapsed time: 193.524s
| (350/1000):   elapsed time: 199.22s
| (360/1000):   elapsed time: 204.917s
| (370/1000):   elapsed time: 210.613s
| (380/1000):   elapsed time: 216.31s
| (390/1000):   elapsed time: 222.007s
| (400/1000):   elapsed time: 227.704s
| (410/1000):   elapsed time: 233.402s
| (420/1000):   elapsed time: 239.096s
| (430/1000):   elapsed time: 244.793s
| (440/1000):   elapsed time: 250.487s
| (450/1000):   elapsed time: 256.183s
| (460/1000):   elapsed time: 261.878s
| (470/1000):   elapsed time: 267.575s
| (480/1000):   elapsed time: 273.273s
| (490/1000):   elapsed time: 278.972s
| (500/1000):   elapsed time: 284.67s
| (510/1000):   elapsed time: 290.369s
| (520/1000):   elapsed time: 296.079s
| (530/1000):   elapsed time: 301.787s
| (540/1000):   elapsed time: 307.507s
| (550/1000):   elapsed time: 313.233s
| (560/1000):   elapsed time: 318.958s
| (570/1000):   elapsed time: 324.676s
| (580/1000):   elapsed time: 330.379s
| (590/1000):   elapsed time: 336.074s
| (600/1000):   elapsed time: 341.77s
| (610/1000):   elapsed time: 347.463s
| (620/1000):   elapsed time: 353.159s
| (630/1000):   elapsed time: 358.853s
| (640/1000):   elapsed time: 364.547s
| (650/1000):   elapsed time: 370.239s
| (660/1000):   elapsed time: 375.93s
| (670/1000):   elapsed time: 381.62s
| (680/1000):   elapsed time: 387.312s
| (690/1000):   elapsed time: 393.004s
| (700/1000):   elapsed time: 398.694s
| (710/1000):   elapsed time: 404.386s
| (720/1000):   elapsed time: 410.077s
| (730/1000):   elapsed time: 415.77s
| (740/1000):   elapsed time: 421.461s
| (750/1000):   elapsed time: 427.154s
| (760/1000):   elapsed time: 432.846s
| (770/1000):   elapsed time: 438.537s
| (780/1000):   elapsed time: 444.23s
| (790/1000):   elapsed time: 449.92s
| (800/1000):   elapsed time: 455.612s
| (810/1000):   elapsed time: 461.309s
| (820/1000):   elapsed time: 467.001s
| (830/1000):   elapsed time: 472.694s
| (840/1000):   elapsed time: 478.387s
| (850/1000):   elapsed time: 484.08s
| (860/1000):   elapsed time: 489.773s
| (870/1000):   elapsed time: 495.466s
| (880/1000):   elapsed time: 501.158s
| (890/1000):   elapsed time: 506.849s
| (900/1000):   elapsed time: 512.54s
| (910/1000):   elapsed time: 518.237s
| (920/1000):   elapsed time: 523.926s
| (930/1000):   elapsed time: 529.615s
| (940/1000):   elapsed time: 535.305s
| (950/1000):   elapsed time: 540.995s
| (960/1000):   elapsed time: 546.685s
| (970/1000):   elapsed time: 552.377s
| (980/1000):   elapsed time: 558.067s
| (990/1000):   elapsed time: 563.758s
======================================================
finished computation at Thu Oct 26 01:14:34 2023
total elapsed time: 569.45s
======================================================
started saving output at Thu Oct 26 01:14:34 2023
finished saving output at Thu Oct 26 01:14:40 2023
======================================================

real	9m43.242s
user	9m31.511s
sys	0m0.723s
======================================================
||                 Cellular Automata                ||
======================================================
|| Mode: 1                  (1 -> array, 2 -> hash) 
|| Array Size: 2000
|| Generations: 10000
|| Survival Conditions: 23
|| Birth Conditions: 3
|| File Location: resources/turingmachine.life
======================================================
started saving intial state at Thu Oct 26 01:14:40 2023
finished saving intial state at Thu Oct 26 01:14:41 2023
======================================================
started computation at Thu Oct 26 01:14:41 2023
======================================================
| (100/10000):   elapsed time: 1.47347s
| (200/10000):   elapsed time: 2.95262s
| (300/10000):   elapsed time: 4.43262s
| (400/10000):   elapsed time: 5.91493s
| (500/10000):   elapsed time: 7.39132s
| (600/10000):   elapsed time: 8.86367s
| (700/10000):   elapsed time: 10.3408s
| (800/10000):   elapsed time: 11.8124s
| (900/10000):   elapsed time: 13.289s
| (1000/10000):   elapsed time: 14.7606s
| (1100/10000):   elapsed time: 16.2381s
| (1200/10000):   elapsed time: 17.7158s
| (1300/10000):   elapsed time: 19.1896s
| (1400/10000):   elapsed time: 20.6674s
| (1500/10000):   elapsed time: 22.1425s
| (1600/10000):   elapsed time: 23.6335s
| (1700/10000):   elapsed time: 25.1174s
| (1800/10000):   elapsed time: 26.599s
| (1900/10000):   elapsed time: 28.0762s
| (2000/10000):   elapsed time: 29.549s
| (2100/10000):   elapsed time: 31.0231s
| (2200/10000):   elapsed time: 32.5274s
| (2300/10000):   elapsed time: 34.0026s
| (2400/10000):   elapsed time: 35.4783s
| (2500/10000):   elapsed time: 36.9554s
| (2600/10000):   elapsed time: 38.431s
| (2700/10000):   elapsed time: 39.9087s
| (2800/10000):   elapsed time: 41.386s
| (2900/10000):   elapsed time: 42.8713s
| (3000/10000):   elapsed time: 44.3472s
| (3100/10000):   elapsed time: 45.8219s
| (3200/10000):   elapsed time: 47.2956s
| (3300/10000):   elapsed time: 48.7723s
| (3400/10000):   elapsed time: 50.2445s
| (3500/10000):   elapsed time: 51.7191s
| (3600/10000):   elapsed time: 53.1973s
| (3700/10000):   elapsed time: 54.6838s
| (3800/10000):   elapsed time: 56.1584s
| (3900/10000):   elapsed time: 57.632s
| (4000/10000):   elapsed time: 59.1021s
| (4100/10000):   elapsed time: 60.5741s
| (4200/10000):   elapsed time: 62.0503s
| (4300/10000):   elapsed time: 63.5284s
| (4400/10000):   elapsed time: 65.0033s
| (4500/10000):   elapsed time: 66.474s
| (4600/10000):   elapsed time: 67.9385s
| (4700/10000):   elapsed time: 69.4004s
| (4800/10000):   elapsed time: 70.8634s
| (4900/10000):   elapsed time: 72.3263s
| (5000/10000):   elapsed time: 73.7955s
| (5100/10000):   elapsed time: 75.2635s
| (5200/10000):   elapsed time: 76.7305s
| (5300/10000):   elapsed time: 78.2054s
| (5400/10000):   elapsed time: 79.6871s
| (5500/10000):   elapsed time: 81.1677s
| (5600/10000):   elapsed time: 82.6313s
| (5700/10000):   elapsed time: 84.0962s
| (5800/10000):   elapsed time: 85.5787s
| (5900/10000):   elapsed time: 87.0589s
| (6000/10000):   elapsed time: 88.5386s
| (6100/10000):   elapsed time: 90.0036s
| (6200/10000):   elapsed time: 91.4698s
| (6300/10000):   elapsed time: 92.9449s
| (6400/10000):   elapsed time: 94.4168s
| (6500/10000):   elapsed time: 95.884s
| (6600/10000):   elapsed time: 97.3493s
| (6700/10000):   elapsed time: 98.8128s
| (6800/10000):   elapsed time: 100.273s
| (6900/10000):   elapsed time: 101.739s
| (7000/10000):   elapsed time: 103.208s
| (7100/10000):   elapsed time: 104.673s
| (7200/10000):   elapsed time: 106.132s
| (7300/10000):   elapsed time: 107.586s
| (7400/10000):   elapsed time: 109.046s
| (7500/10000):   elapsed time: 110.502s
| (7600/10000):   elapsed time: 111.964s
| (7700/10000):   elapsed time: 113.418s
| (7800/10000):   elapsed time: 114.875s
| (7900/10000):   elapsed time: 116.339s
| (8000/10000):   elapsed time: 117.801s
| (8100/10000):   elapsed time: 119.258s
| (8200/10000):   elapsed time: 120.716s
| (8300/10000):   elapsed time: 122.188s
| (8400/10000):   elapsed time: 123.654s
| (8500/10000):   elapsed time: 125.107s
| (8600/10000):   elapsed time: 126.56s
| (8700/10000):   elapsed time: 128.012s
| (8800/10000):   elapsed time: 129.477s
| (8900/10000):   elapsed time: 130.936s
| (9000/10000):   elapsed time: 132.4s
| (9100/10000):   elapsed time: 133.863s
| (9200/10000):   elapsed time: 135.317s
| (9300/10000):   elapsed time: 136.771s
| (9400/10000):   elapsed time: 138.236s
| (9500/10000):   elapsed time: 139.693s
| (9600/10000):   elapsed time: 141.142s
| (9700/10000):   elapsed time: 142.591s
| (9800/10000):   elapsed time: 144.044s
| (9900/10000):   elapsed time: 145.506s
======================================================
finished computation at Thu Oct 26 01:17:07 2023
total elapsed time: 146.965s
======================================================
started saving output at Thu Oct 26 01:17:07 2023
finished saving output at Thu Oct 26 01:17:08 2023
======================================================

real	2m27.500s
user	2m24.813s
sys	0m0.058s
======================================================
||                 Cellular Automata                ||
======================================================
|| Mode: 1                  (1 -> array, 2 -> hash) 
|| Array Size: 1000
|| Generations: 20000
|| Survival Conditions: 23
|| Birth Conditions: 3
|| File Location: resources/sawtooth.life
======================================================
started saving intial state at Thu Oct 26 01:17:08 2023
finished saving intial state at Thu Oct 26 01:17:08 2023
======================================================
started computation at Thu Oct 26 01:17:08 2023
======================================================
| (200/20000):   elapsed time: 0.719111s
| (400/20000):   elapsed time: 1.45546s
| (600/20000):   elapsed time: 2.20514s
| (800/20000):   elapsed time: 2.9456s
| (1000/20000):   elapsed time: 3.68131s
| (1200/20000):   elapsed time: 4.41472s
| (1400/20000):   elapsed time: 5.14213s
| (1600/20000):   elapsed time: 5.87151s
| (1800/20000):   elapsed time: 6.60953s
| (2000/20000):   elapsed time: 7.33987s
| (2200/20000):   elapsed time: 8.06095s
| (2400/20000):   elapsed time: 8.77881s
| (2600/20000):   elapsed time: 9.50069s
| (2800/20000):   elapsed time: 10.2238s
| (3000/20000):   elapsed time: 10.9496s
| (3200/20000):   elapsed time: 11.6766s
| (3400/20000):   elapsed time: 12.398s
| (3600/20000):   elapsed time: 13.1159s
| (3800/20000):   elapsed time: 13.8368s
| (4000/20000):   elapsed time: 14.5605s
| (4200/20000):   elapsed time: 15.2793s
| (4400/20000):   elapsed time: 16.0011s
| (4600/20000):   elapsed time: 16.7251s
| (4800/20000):   elapsed time: 17.452s
| (5000/20000):   elapsed time: 18.1783s
| (5200/20000):   elapsed time: 18.9069s
| (5400/20000):   elapsed time: 19.6309s
| (5600/20000):   elapsed time: 20.3493s
| (5800/20000):   elapsed time: 21.0666s
| (6000/20000):   elapsed time: 21.7871s
| (6200/20000):   elapsed time: 22.5129s
| (6400/20000):   elapsed time: 23.2307s
| (6600/20000):   elapsed time: 23.9486s
| (6800/20000):   elapsed time: 24.6706s
| (7000/20000):   elapsed time: 25.3878s
| (7200/20000):   elapsed time: 26.105s
| (7400/20000):   elapsed time: 26.8244s
| (7600/20000):   elapsed time: 27.5477s
| (7800/20000):   elapsed time: 28.2724s
| (8000/20000):   elapsed time: 28.9961s
| (8200/20000):   elapsed time: 29.721s
| (8400/20000):   elapsed time: 30.4412s
| (8600/20000):   elapsed time: 31.1601s
| (8800/20000):   elapsed time: 31.8829s
| (9000/20000):   elapsed time: 32.607s
| (9200/20000):   elapsed time: 33.3249s
| (9400/20000):   elapsed time: 34.0438s
| (9600/20000):   elapsed time: 34.7723s
| (9800/20000):   elapsed time: 35.4942s
| (10000/20000):   elapsed time: 36.2179s
| (10200/20000):   elapsed time: 36.9387s
| (10400/20000):   elapsed time: 37.6603s
| (10600/20000):   elapsed time: 38.385s
| (10800/20000):   elapsed time: 39.1022s
| (11000/20000):   elapsed time: 39.8229s
| (11200/20000):   elapsed time: 40.5475s
| (11400/20000):   elapsed time: 41.27s
| (11600/20000):   elapsed time: 41.9926s
| (11800/20000):   elapsed time: 42.7114s
| (12000/20000):   elapsed time: 43.4329s
| (12200/20000):   elapsed time: 44.1528s
| (12400/20000):   elapsed time: 44.8736s
| (12600/20000):   elapsed time: 45.591s
| (12800/20000):   elapsed time: 46.3134s
| (13000/20000):   elapsed time: 47.0362s
| (13200/20000):   elapsed time: 47.7612s
| (13400/20000):   elapsed time: 48.4848s
| (13600/20000):   elapsed time: 49.2094s
| (13800/20000):   elapsed time: 49.9345s
| (14000/20000):   elapsed time: 50.6573s
| (14200/20000):   elapsed time: 51.3773s
| (14400/20000):   elapsed time: 52.1006s
| (14600/20000):   elapsed time: 52.8277s
| (14800/20000):   elapsed time: 53.5538s
| (15000/20000):   elapsed time: 54.2802s
| (15200/20000):   elapsed time: 55.0029s
| (15400/20000):   elapsed time: 55.719s
| (15600/20000):   elapsed time: 56.4357s
| (15800/20000):   elapsed time: 57.1537s
| (16000/20000):   elapsed time: 57.8732s
| (16200/20000):   elapsed time: 58.5969s
| (16400/20000):   elapsed time: 59.3191s
| (16600/20000):   elapsed time: 60.0405s
| (16800/20000):   elapsed time: 60.7583s
| (17000/20000):   elapsed time: 61.4762s
| (17200/20000):   elapsed time: 62.195s
| (17400/20000):   elapsed time: 62.9197s
| (17600/20000):   elapsed time: 63.6408s
| (17800/20000):   elapsed time: 64.3588s
| (18000/20000):   elapsed time: 65.0775s
| (18200/20000):   elapsed time: 65.7962s
| (18400/20000):   elapsed time: 66.5139s
| (18600/20000):   elapsed time: 67.2327s
| (18800/20000):   elapsed time: 67.9542s
| (19000/20000):   elapsed time: 68.682s
| (19200/20000):   elapsed time: 69.4032s
| (19400/20000):   elapsed time: 70.1208s
| (19600/20000):   elapsed time: 70.8408s
| (19800/20000):   elapsed time: 71.5577s
======================================================
finished computation at Thu Oct 26 01:18:20 2023
total elapsed time: 72.2833s
======================================================
started saving output at Thu Oct 26 01:18:20 2023
finished saving output at Thu Oct 26 01:18:20 2023
======================================================

real	1m12.453s
user	1m11.169s
sys	0m0.043s
======================================================
||                 Cellular Automata                ||
======================================================
|| Mode: 1                  (1 -> array, 2 -> hash) 
|| Array Size: 20
|| Generations: 100000
|| Survival Conditions: 23
|| Birth Conditions: 3
|| File Location: resources/ArrayGlider-100.life
======================================================
started saving intial state at Thu Oct 26 01:18:20 2023
finished saving intial state at Thu Oct 26 01:18:20 2023
======================================================
started computation at Thu Oct 26 01:18:20 2023
======================================================
| (1000/100000):   elapsed time: 0.0013145s
| (2000/100000):   elapsed time: 0.00265019s
| (3000/100000):   elapsed time: 0.00394666s
| (4000/100000):   elapsed time: 0.00524119s
| (5000/100000):   elapsed time: 0.00655522s
| (6000/100000):   elapsed time: 0.0078397s
| (7000/100000):   elapsed time: 0.009175s
| (8000/100000):   elapsed time: 0.0105068s
| (9000/100000):   elapsed time: 0.0118025s
| (10000/100000):   elapsed time: 0.0130924s
| (11000/100000):   elapsed time: 0.0143852s
| (12000/100000):   elapsed time: 0.0156995s
| (13000/100000):   elapsed time: 0.0169975s
| (14000/100000):   elapsed time: 0.018282s
| (15000/100000):   elapsed time: 0.0196s
| (16000/100000):   elapsed time: 0.0208981s
| (17000/100000):   elapsed time: 0.0221911s
| (18000/100000):   elapsed time: 0.0235137s
| (19000/100000):   elapsed time: 0.0248087s
| (20000/100000):   elapsed time: 0.0261032s
| (21000/100000):   elapsed time: 0.0273997s
| (22000/100000):   elapsed time: 0.028707s
| (23000/100000):   elapsed time: 0.0300028s
| (24000/100000):   elapsed time: 0.0313315s
| (25000/100000):   elapsed time: 0.03265s
| (26000/100000):   elapsed time: 0.0339421s
| (27000/100000):   elapsed time: 0.0354557s
| (28000/100000):   elapsed time: 0.0367597s
| (29000/100000):   elapsed time: 0.0380498s
| (30000/100000):   elapsed time: 0.0393454s
| (31000/100000):   elapsed time: 0.040659s
| (32000/100000):   elapsed time: 0.0421379s
| (33000/100000):   elapsed time: 0.0434346s
| (34000/100000):   elapsed time: 0.0447425s
| (35000/100000):   elapsed time: 0.0460301s
| (36000/100000):   elapsed time: 0.0473651s
| (37000/100000):   elapsed time: 0.0486788s
| (38000/100000):   elapsed time: 0.0499731s
| (39000/100000):   elapsed time: 0.0512667s
| (40000/100000):   elapsed time: 0.0525846s
| (41000/100000):   elapsed time: 0.0538808s
| (42000/100000):   elapsed time: 0.0551735s
| (43000/100000):   elapsed time: 0.0564693s
| (44000/100000):   elapsed time: 0.0577763s
| (45000/100000):   elapsed time: 0.0590684s
| (46000/100000):   elapsed time: 0.0603598s
| (47000/100000):   elapsed time: 0.0616724s
| (48000/100000):   elapsed time: 0.0629707s
| (49000/100000):   elapsed time: 0.0642569s
| (50000/100000):   elapsed time: 0.065574s
| (51000/100000):   elapsed time: 0.0668865s
| (52000/100000):   elapsed time: 0.0681808s
| (53000/100000):   elapsed time: 0.0695004s
| (54000/100000):   elapsed time: 0.0710055s
| (55000/100000):   elapsed time: 0.0722936s
| (56000/100000):   elapsed time: 0.0736052s
| (57000/100000):   elapsed time: 0.0748981s
| (58000/100000):   elapsed time: 0.0761877s
| (59000/100000):   elapsed time: 0.0775073s
| (60000/100000):   elapsed time: 0.0788029s
| (61000/100000):   elapsed time: 0.0800968s
| (62000/100000):   elapsed time: 0.0813853s
| (63000/100000):   elapsed time: 0.0826831s
| (64000/100000):   elapsed time: 0.0839718s
| (65000/100000):   elapsed time: 0.0852496s
| (66000/100000):   elapsed time: 0.0865499s
| (67000/100000):   elapsed time: 0.0880319s
| (68000/100000):   elapsed time: 0.0893132s
| (69000/100000):   elapsed time: 0.0906233s
| (70000/100000):   elapsed time: 0.0919094s
| (71000/100000):   elapsed time: 0.0932354s
| (72000/100000):   elapsed time: 0.0945413s
| (73000/100000):   elapsed time: 0.0958234s
| (74000/100000):   elapsed time: 0.0971021s
| (75000/100000):   elapsed time: 0.0983894s
| (76000/100000):   elapsed time: 0.0996991s
| (77000/100000):   elapsed time: 0.10098s
| (78000/100000):   elapsed time: 0.102261s
| (79000/100000):   elapsed time: 0.103571s
| (80000/100000):   elapsed time: 0.10486s
| (81000/100000):   elapsed time: 0.106136s
| (82000/100000):   elapsed time: 0.107427s
| (83000/100000):   elapsed time: 0.108956s
| (84000/100000):   elapsed time: 0.110235s
| (85000/100000):   elapsed time: 0.111542s
| (86000/100000):   elapsed time: 0.112825s
| (87000/100000):   elapsed time: 0.114164s
| (88000/100000):   elapsed time: 0.115455s
| (89000/100000):   elapsed time: 0.11675s
| (90000/100000):   elapsed time: 0.118114s
| (91000/100000):   elapsed time: 0.119398s
| (92000/100000):   elapsed time: 0.1207s
| (93000/100000):   elapsed time: 0.122011s
| (94000/100000):   elapsed time: 0.123307s
| (95000/100000):   elapsed time: 0.124664s
| (96000/100000):   elapsed time: 0.125955s
| (97000/100000):   elapsed time: 0.127274s
| (98000/100000):   elapsed time: 0.128677s
| (99000/100000):   elapsed time: 0.12996s
======================================================
finished computation at Thu Oct 26 01:18:20 2023
total elapsed time: 0.131243s
======================================================
started saving output at Thu Oct 26 01:18:20 2023
finished saving output at Thu Oct 26 01:18:20 2023
======================================================

real	0m0.217s
user	0m0.143s
sys	0m0.030s
